emacsclient: can't find socket; have you started the server?
To start the server in Emacs, type "M-x server-start".

Warning: due to a long standing Gtk+ bug
http://bugzilla.gnome.org/show_bug.cgi?id=85715
Emacs might crash when run in daemon mode and the X11 connection is unexpectedly lost.
Using an Emacs configured with --with-x-toolkit=lucid does not have this problem.
("emacs")
Loading 00debian-vars...
Loading 00debian-vars...done
Loading /etc/emacs/site-start.d/50agda.el (source)...
Loading /usr/share/emacs/site-lisp/agda/agda2.el (source)...
Loading /usr/share/emacs/site-lisp/agda/agda2.el (source)...done
Loading /etc/emacs/site-start.d/50agda.el (source)...done
Loading /etc/emacs/site-start.d/50cmake-data.el (source)...
Loading /etc/emacs/site-start.d/50cmake-data.el (source)...done
Loading /etc/emacs/site-start.d/50coq.el (source)...
Loading /etc/emacs/site-start.d/50coq.el (source)...done
Loading /etc/emacs/site-start.d/50dictionaries-common.el (source)...
Loading /var/cache/dictionaries-common/emacsen-ispell-dicts.el (source)...
Error while loading 50dictionaries-common: Symbol's value as variable is void: debian-aspell-only-dictionary-alist
Loading /etc/emacs/site-start.d/50erlang-mode.el (source)...
Loading /etc/emacs/site-start.d/50erlang-mode.el (source)...done
Loading /etc/emacs/site-start.d/50haskell-mode.el (source)...
Loading /usr/share/emacs24/site-lisp/haskell-mode/haskell-mode-autoloads.el (source)...
Loading /usr/share/emacs24/site-lisp/haskell-mode/haskell-mode-autoloads.el (source)...done
Loading /etc/emacs/site-start.d/50haskell-mode.el (source)...done
Loading /etc/emacs/site-start.d/50mmm-mode.el (source)...
Loading /etc/emacs/site-start.d/50mmm-mode.el (source)...done
Loading /etc/emacs/site-start.d/50ocaml-mode.el (source)...
Loading /etc/emacs/site-start.d/50ocaml-mode.el (source)...done
Loading /etc/emacs/site-start.d/50proofgeneral.el (source)...
Loading /usr/share/emacs24/site-lisp/proofgeneral/generic/proof-site.elc...
Loading /usr/share/emacs24/site-lisp/proofgeneral/generic/proof-site.elc...done
Loading /etc/emacs/site-start.d/50proofgeneral.el (source)...done
Loading /etc/emacs/site-start.d/51tuareg-mode.el (source)...
Loading /etc/emacs/site-start.d/51tuareg-mode.el (source)...done
Loading paren...
Loading paren...done
Loading which-func...
Loading which-func...done
`flet' is an obsolete macro (as of 24.3); use either `cl-flet' or `cl-letf'.
Loading iso-transl...
Loading iso-transl...done
Loading quail/latin-ltx...
Loading quail/latin-ltx...done


Starting Emacs daemon.
Emacs daemon should have started, trying to connect again
